<?xml version="1.0" encoding="UTF-8"?>
<!-- Generated by org.testng.reporters.JUnitReportReporter -->
<testsuite hostname="DESKTOP-R5RNTUC" name="Academy.ValidateTitle" tests="1" failures="0" timestamp="12 Feb 2021 07:04:53 GMT" time="0.024" errors="0">
  <testcase name="validateTitle" time="0.024" classname="Academy.ValidateTitle"/>
</testsuite> <!-- Academy.ValidateTitle -->
