<?xml version="1.0" encoding="UTF-8"?>
<!-- Generated by org.testng.reporters.JUnitReportReporter -->
<testsuite hostname="DESKTOP-R5RNTUC" name="Academy.HomePage" tests="2" failures="0" timestamp="12 Feb 2021 07:04:53 GMT" time="8.554" errors="0">
  <testcase name="basePageNavigation" time="2.570" classname="Academy.HomePage"/>
  <testcase name="basePageNavigation" time="5.984" classname="Academy.HomePage"/>
</testsuite> <!-- Academy.HomePage -->
