<?xml version="1.0" encoding="UTF-8"?>
<!-- Generated by org.testng.reporters.JUnitReportReporter -->
<testsuite hostname="DESKTOP-R5RNTUC" name="Academy.ValidateNavigationBar" tests="1" failures="0" timestamp="12 Feb 2021 07:04:53 GMT" time="0.057" errors="0">
  <testcase name="validateNavigationBar" time="0.057" classname="Academy.ValidateNavigationBar"/>
</testsuite> <!-- Academy.ValidateNavigationBar -->
